[13-Mar-2019 00:17:05 UTC] PHP Fatal error:  Call to a member function prepare() on a non-object in /home/ubuntu/workspace/cst336/labs/lab6/api/getSearchResults.php on line 9
[13-Mar-2019 00:17:05 UTC] PHP Stack trace:
[13-Mar-2019 00:17:05 UTC] PHP   1. {main}() /home/ubuntu/workspace/cst336/labs/lab6/api/getSearchResults.php:0
[13-Mar-2019 00:17:30 UTC] PHP Fatal error:  Call to a member function prepare() on a non-object in /home/ubuntu/workspace/cst336/labs/lab6/api/getSearchResults.php on line 9
[13-Mar-2019 00:17:30 UTC] PHP Stack trace:
[13-Mar-2019 00:17:30 UTC] PHP   1. {main}() /home/ubuntu/workspace/cst336/labs/lab6/api/getSearchResults.php:0
[23-Mar-2019 20:56:35 UTC] PHP Fatal error:  Uncaught exception 'PDOException' with message 'SQLSTATE[42S22]: Column not found: 1054 Unknown column 'productPrice' in 'order clause'' in /home/ubuntu/workspace/cst336/labs/lab6/api/getProducts.php:16
Stack trace:
#0 /home/ubuntu/workspace/cst336/labs/lab6/api/getProducts.php(16): PDOStatement->execute()
#1 {main}
  thrown in /home/ubuntu/workspace/cst336/labs/lab6/api/getProducts.php on line 16
[23-Mar-2019 21:00:26 UTC] PHP Fatal error:  Uncaught exception 'PDOException' with message 'SQLSTATE[42S22]: Column not found: 1054 Unknown column 'productPrice' in 'order clause'' in /home/ubuntu/workspace/cst336/labs/lab6/api/getProducts.php:16
Stack trace:
#0 /home/ubuntu/workspace/cst336/labs/lab6/api/getProducts.php(16): PDOStatement->execute()
#1 {main}
  thrown in /home/ubuntu/workspace/cst336/labs/lab6/api/getProducts.php on line 16
[23-Mar-2019 21:00:41 UTC] PHP Fatal error:  Uncaught exception 'PDOException' with message 'SQLSTATE[42S22]: Column not found: 1054 Unknown column 'productPrice' in 'order clause'' in /home/ubuntu/workspace/cst336/labs/lab6/api/getProducts.php:16
Stack trace:
#0 /home/ubuntu/workspace/cst336/labs/lab6/api/getProducts.php(16): PDOStatement->execute()
#1 {main}
  thrown in /home/ubuntu/workspace/cst336/labs/lab6/api/getProducts.php on line 16
[23-Mar-2019 21:01:11 UTC] PHP Fatal error:  Uncaught exception 'PDOException' with message 'SQLSTATE[42S22]: Column not found: 1054 Unknown column 'productPrice' in 'order clause'' in /home/ubuntu/workspace/cst336/labs/lab6/api/getProducts.php:16
Stack trace:
#0 /home/ubuntu/workspace/cst336/labs/lab6/api/getProducts.php(16): PDOStatement->execute()
#1 {main}
  thrown in /home/ubuntu/workspace/cst336/labs/lab6/api/getProducts.php on line 16
[23-Mar-2019 21:01:54 UTC] PHP Fatal error:  Uncaught exception 'PDOException' with message 'SQLSTATE[42S22]: Column not found: 1054 Unknown column 'productPrice' in 'order clause'' in /home/ubuntu/workspace/cst336/labs/lab6/api/getProducts.php:16
Stack trace:
#0 /home/ubuntu/workspace/cst336/labs/lab6/api/getProducts.php(16): PDOStatement->execute()
#1 {main}
  thrown in /home/ubuntu/workspace/cst336/labs/lab6/api/getProducts.php on line 16
[14-Apr-2019 07:09:06 UTC] PHP Fatal error:  Uncaught exception 'PDOException' with message 'SQLSTATE[42S22]: Column not found: 1054 Unknown column 'productPrice' in 'order clause'' in /home/ubuntu/workspace/cst336/labs/lab6/api/getProducts.php:16
Stack trace:
#0 /home/ubuntu/workspace/cst336/labs/lab6/api/getProducts.php(16): PDOStatement->execute()
#1 {main}
  thrown in /home/ubuntu/workspace/cst336/labs/lab6/api/getProducts.php on line 16
[14-Apr-2019 07:17:01 UTC] PHP Fatal error:  Uncaught exception 'PDOException' with message 'SQLSTATE[42S22]: Column not found: 1054 Unknown column 'productPrice' in 'order clause'' in /home/ubuntu/workspace/cst336/labs/lab6/api/getProducts.php:18
Stack trace:
#0 /home/ubuntu/workspace/cst336/labs/lab6/api/getProducts.php(18): PDOStatement->execute()
#1 {main}
  thrown in /home/ubuntu/workspace/cst336/labs/lab6/api/getProducts.php on line 18
[14-Apr-2019 07:17:14 UTC] PHP Fatal error:  Uncaught exception 'PDOException' with message 'SQLSTATE[42S22]: Column not found: 1054 Unknown column 'productPrice' in 'order clause'' in /home/ubuntu/workspace/cst336/labs/lab6/api/getProducts.php:18
Stack trace:
#0 /home/ubuntu/workspace/cst336/labs/lab6/api/getProducts.php(18): PDOStatement->execute()
#1 {main}
  thrown in /home/ubuntu/workspace/cst336/labs/lab6/api/getProducts.php on line 18
[14-Apr-2019 07:25:09 UTC] PHP Fatal error:  Uncaught exception 'PDOException' with message 'SQLSTATE[42S22]: Column not found: 1054 Unknown column 'productPrice' in 'order clause'' in /home/ubuntu/workspace/cst336/labs/lab6/api/getProducts.php:18
Stack trace:
#0 /home/ubuntu/workspace/cst336/labs/lab6/api/getProducts.php(18): PDOStatement->execute()
#1 {main}
  thrown in /home/ubuntu/workspace/cst336/labs/lab6/api/getProducts.php on line 18
[14-Apr-2019 07:25:23 UTC] PHP Fatal error:  Uncaught exception 'PDOException' with message 'SQLSTATE[42S22]: Column not found: 1054 Unknown column 'productPrice' in 'order clause'' in /home/ubuntu/workspace/cst336/labs/lab6/api/getProducts.php:18
Stack trace:
#0 /home/ubuntu/workspace/cst336/labs/lab6/api/getProducts.php(18): PDOStatement->execute()
#1 {main}
  thrown in /home/ubuntu/workspace/cst336/labs/lab6/api/getProducts.php on line 18
