[29-Apr-2019 19:19:37 UTC] PHP Warning:  include(api/dbConnection.php): failed to open stream: No such file or directory in /home/ubuntu/workspace/cst336/practice/p10/api/checkAnswer.php on line 9
[29-Apr-2019 19:19:37 UTC] PHP Stack trace:
[29-Apr-2019 19:19:37 UTC] PHP   1. {main}() /home/ubuntu/workspace/cst336/practice/p10/api/checkAnswer.php:0
[29-Apr-2019 19:19:37 UTC] PHP Warning:  include(): Failed opening 'api/dbConnection.php' for inclusion (include_path='.:/usr/share/php:/usr/share/pear') in /home/ubuntu/workspace/cst336/practice/p10/api/checkAnswer.php on line 9
[29-Apr-2019 19:19:37 UTC] PHP Stack trace:
[29-Apr-2019 19:19:37 UTC] PHP   1. {main}() /home/ubuntu/workspace/cst336/practice/p10/api/checkAnswer.php:0
[29-Apr-2019 19:19:37 UTC] PHP Fatal error:  Call to undefined function getDatabaseConnection() in /home/ubuntu/workspace/cst336/practice/p10/api/checkAnswer.php on line 10
[29-Apr-2019 19:19:37 UTC] PHP Stack trace:
[29-Apr-2019 19:19:37 UTC] PHP   1. {main}() /home/ubuntu/workspace/cst336/practice/p10/api/checkAnswer.php:0
[29-Apr-2019 19:20:00 UTC] PHP Warning:  include(api/dbConnection.php): failed to open stream: No such file or directory in /home/ubuntu/workspace/cst336/practice/p10/api/checkAnswer.php on line 9
[29-Apr-2019 19:20:00 UTC] PHP Stack trace:
[29-Apr-2019 19:20:00 UTC] PHP   1. {main}() /home/ubuntu/workspace/cst336/practice/p10/api/checkAnswer.php:0
[29-Apr-2019 19:20:00 UTC] PHP Warning:  include(): Failed opening 'api/dbConnection.php' for inclusion (include_path='.:/usr/share/php:/usr/share/pear') in /home/ubuntu/workspace/cst336/practice/p10/api/checkAnswer.php on line 9
[29-Apr-2019 19:20:00 UTC] PHP Stack trace:
[29-Apr-2019 19:20:00 UTC] PHP   1. {main}() /home/ubuntu/workspace/cst336/practice/p10/api/checkAnswer.php:0
[29-Apr-2019 19:20:00 UTC] PHP Fatal error:  Call to undefined function getDatabaseConnection() in /home/ubuntu/workspace/cst336/practice/p10/api/checkAnswer.php on line 10
[29-Apr-2019 19:20:00 UTC] PHP Stack trace:
[29-Apr-2019 19:20:00 UTC] PHP   1. {main}() /home/ubuntu/workspace/cst336/practice/p10/api/checkAnswer.php:0
[29-Apr-2019 19:21:53 UTC] PHP Fatal error:  Uncaught exception 'PDOException' with message 'SQLSTATE[HY093]: Invalid parameter number: number of bound variables does not match number of tokens' in /home/ubuntu/workspace/cst336/practice/p10/api/checkAnswer.php:19
Stack trace:
#0 /home/ubuntu/workspace/cst336/practice/p10/api/checkAnswer.php(19): PDOStatement->execute(Array)
#1 {main}
  thrown in /home/ubuntu/workspace/cst336/practice/p10/api/checkAnswer.php on line 19
[29-Apr-2019 19:23:58 UTC] PHP Fatal error:  Uncaught exception 'PDOException' with message 'SQLSTATE[HY093]: Invalid parameter number: number of bound variables does not match number of tokens' in /home/ubuntu/workspace/cst336/practice/p10/api/checkAnswer.php:38
Stack trace:
#0 /home/ubuntu/workspace/cst336/practice/p10/api/checkAnswer.php(38): PDOStatement->execute(Array)
#1 {main}
  thrown in /home/ubuntu/workspace/cst336/practice/p10/api/checkAnswer.php on line 38
[29-Apr-2019 19:24:44 UTC] PHP Fatal error:  Uncaught exception 'PDOException' with message 'SQLSTATE[HY093]: Invalid parameter number: number of bound variables does not match number of tokens' in /home/ubuntu/workspace/cst336/practice/p10/api/checkAnswer.php:33
Stack trace:
#0 /home/ubuntu/workspace/cst336/practice/p10/api/checkAnswer.php(33): PDOStatement->execute(Array)
#1 {main}
  thrown in /home/ubuntu/workspace/cst336/practice/p10/api/checkAnswer.php on line 33
[29-Apr-2019 19:25:18 UTC] PHP Fatal error:  Uncaught exception 'PDOException' with message 'SQLSTATE[HY093]: Invalid parameter number: number of bound variables does not match number of tokens' in /home/ubuntu/workspace/cst336/practice/p10/api/checkAnswer.php:33
Stack trace:
#0 /home/ubuntu/workspace/cst336/practice/p10/api/checkAnswer.php(33): PDOStatement->execute(Array)
#1 {main}
  thrown in /home/ubuntu/workspace/cst336/practice/p10/api/checkAnswer.php on line 33
[29-Apr-2019 19:26:47 UTC] PHP Fatal error:  Uncaught exception 'PDOException' with message 'SQLSTATE[42S22]: Column not found: 1054 Unknown column 'count' in 'field list'' in /home/ubuntu/workspace/cst336/practice/p10/api/checkAnswer.php:32
Stack trace:
#0 /home/ubuntu/workspace/cst336/practice/p10/api/checkAnswer.php(32): PDOStatement->execute(Array)
#1 {main}
  thrown in /home/ubuntu/workspace/cst336/practice/p10/api/checkAnswer.php on line 32
[29-Apr-2019 19:27:37 UTC] PHP Fatal error:  Uncaught exception 'PDOException' with message 'SQLSTATE[HY000]: General error' in /home/ubuntu/workspace/cst336/practice/p10/api/checkAnswer.php:38
Stack trace:
#0 /home/ubuntu/workspace/cst336/practice/p10/api/checkAnswer.php(38): PDOStatement->fetch(2)
#1 {main}
  thrown in /home/ubuntu/workspace/cst336/practice/p10/api/checkAnswer.php on line 38
[29-Apr-2019 19:28:49 UTC] PHP Fatal error:  Uncaught exception 'PDOException' with message 'SQLSTATE[HY000]: General error' in /home/ubuntu/workspace/cst336/practice/p10/api/checkAnswer.php:38
Stack trace:
#0 /home/ubuntu/workspace/cst336/practice/p10/api/checkAnswer.php(38): PDOStatement->fetch(2)
#1 {main}
  thrown in /home/ubuntu/workspace/cst336/practice/p10/api/checkAnswer.php on line 38
[29-Apr-2019 19:29:50 UTC] PHP Warning:  PDOStatement::execute() expects parameter 1 to be array, string given in /home/ubuntu/workspace/cst336/practice/p10/api/checkAnswer.php on line 37
[29-Apr-2019 19:29:50 UTC] PHP Stack trace:
[29-Apr-2019 19:29:50 UTC] PHP   1. {main}() /home/ubuntu/workspace/cst336/practice/p10/api/checkAnswer.php:0
[29-Apr-2019 19:29:50 UTC] PHP   2. PDOStatement->execute() /home/ubuntu/workspace/cst336/practice/p10/api/checkAnswer.php:37
[29-Apr-2019 19:30:53 UTC] PHP Fatal error:  Uncaught exception 'PDOException' with message 'SQLSTATE[HY093]: Invalid parameter number: number of bound variables does not match number of tokens' in /home/ubuntu/workspace/cst336/practice/p10/api/checkAnswer.php:37
Stack trace:
#0 /home/ubuntu/workspace/cst336/practice/p10/api/checkAnswer.php(37): PDOStatement->execute(Array)
#1 {main}
  thrown in /home/ubuntu/workspace/cst336/practice/p10/api/checkAnswer.php on line 37
[29-Apr-2019 19:35:34 UTC] PHP Fatal error:  Uncaught exception 'PDOException' with message 'SQLSTATE[HY093]: Invalid parameter number: number of bound variables does not match number of tokens' in /home/ubuntu/workspace/cst336/practice/p10/api/checkAnswer.php:19
Stack trace:
#0 /home/ubuntu/workspace/cst336/practice/p10/api/checkAnswer.php(19): PDOStatement->execute(Array)
#1 {main}
  thrown in /home/ubuntu/workspace/cst336/practice/p10/api/checkAnswer.php on line 19
[29-Apr-2019 19:35:59 UTC] PHP Fatal error:  Uncaught exception 'PDOException' with message 'SQLSTATE[HY093]: Invalid parameter number: number of bound variables does not match number of tokens' in /home/ubuntu/workspace/cst336/practice/p10/api/checkAnswer.php:46
Stack trace:
#0 /home/ubuntu/workspace/cst336/practice/p10/api/checkAnswer.php(46): PDOStatement->execute(Array)
#1 {main}
  thrown in /home/ubuntu/workspace/cst336/practice/p10/api/checkAnswer.php on line 46
[29-Apr-2019 19:36:27 UTC] PHP Fatal error:  Uncaught exception 'PDOException' with message 'SQLSTATE[HY093]: Invalid parameter number: number of bound variables does not match number of tokens' in /home/ubuntu/workspace/cst336/practice/p10/api/checkAnswer.php:45
Stack trace:
#0 /home/ubuntu/workspace/cst336/practice/p10/api/checkAnswer.php(45): PDOStatement->execute(Array)
#1 {main}
  thrown in /home/ubuntu/workspace/cst336/practice/p10/api/checkAnswer.php on line 45
