[25-Mar-2019 19:42:46 UTC] PHP Fatal error:  Uncaught exception 'PDOException' with message 'SQLSTATE[42000]: Syntax error or access violation: 1064 You have an error in your SQL syntax; check the manual that corresponds to your MySQL server version for the right syntax to use near 'column FROM table ORDER BY RAND() LIMIT 1' at line 1' in /home/ubuntu/workspace/cst336/practice/pMidterm/api/getRandProduct.php:8
Stack trace:
#0 /home/ubuntu/workspace/cst336/practice/pMidterm/api/getRandProduct.php(8): PDOStatement->execute()
#1 {main}
  thrown in /home/ubuntu/workspace/cst336/practice/pMidterm/api/getRandProduct.php on line 8
[25-Mar-2019 19:42:49 UTC] PHP Fatal error:  Uncaught exception 'PDOException' with message 'SQLSTATE[42000]: Syntax error or access violation: 1064 You have an error in your SQL syntax; check the manual that corresponds to your MySQL server version for the right syntax to use near 'column FROM table ORDER BY RAND() LIMIT 1' at line 1' in /home/ubuntu/workspace/cst336/practice/pMidterm/api/getRandProduct.php:8
Stack trace:
#0 /home/ubuntu/workspace/cst336/practice/pMidterm/api/getRandProduct.php(8): PDOStatement->execute()
#1 {main}
  thrown in /home/ubuntu/workspace/cst336/practice/pMidterm/api/getRandProduct.php on line 8
[25-Mar-2019 19:55:32 UTC] PHP Fatal error:  Uncaught exception 'PDOException' with message 'SQLSTATE[42000]: Syntax error or access violation: 1064 You have an error in your SQL syntax; check the manual that corresponds to your MySQL server version for the right syntax to use near 'column FROM mp_product ORDER BY RAND() LIMIT 1' at line 1' in /home/ubuntu/workspace/cst336/practice/pMidterm/api/getRandProduct.php:8
Stack trace:
#0 /home/ubuntu/workspace/cst336/practice/pMidterm/api/getRandProduct.php(8): PDOStatement->execute()
#1 {main}
  thrown in /home/ubuntu/workspace/cst336/practice/pMidterm/api/getRandProduct.php on line 8
[25-Mar-2019 19:55:34 UTC] PHP Fatal error:  Uncaught exception 'PDOException' with message 'SQLSTATE[42000]: Syntax error or access violation: 1064 You have an error in your SQL syntax; check the manual that corresponds to your MySQL server version for the right syntax to use near 'column FROM mp_product ORDER BY RAND() LIMIT 1' at line 1' in /home/ubuntu/workspace/cst336/practice/pMidterm/api/getRandProduct.php:8
Stack trace:
#0 /home/ubuntu/workspace/cst336/practice/pMidterm/api/getRandProduct.php(8): PDOStatement->execute()
#1 {main}
  thrown in /home/ubuntu/workspace/cst336/practice/pMidterm/api/getRandProduct.php on line 8
[25-Mar-2019 19:55:39 UTC] PHP Fatal error:  Uncaught exception 'PDOException' with message 'SQLSTATE[42000]: Syntax error or access violation: 1064 You have an error in your SQL syntax; check the manual that corresponds to your MySQL server version for the right syntax to use near 'column FROM mp_product ORDER BY RAND() LIMIT 1' at line 1' in /home/ubuntu/workspace/cst336/practice/pMidterm/api/getRandProduct.php:8
Stack trace:
#0 /home/ubuntu/workspace/cst336/practice/pMidterm/api/getRandProduct.php(8): PDOStatement->execute()
#1 {main}
  thrown in /home/ubuntu/workspace/cst336/practice/pMidterm/api/getRandProduct.php on line 8
[25-Mar-2019 19:56:07 UTC] PHP Fatal error:  Uncaught exception 'PDOException' with message 'SQLSTATE[42000]: Syntax error or access violation: 1064 You have an error in your SQL syntax; check the manual that corresponds to your MySQL server version for the right syntax to use near 'column FROM mp_product ORDER BY RAND() LIMIT 1' at line 1' in /home/ubuntu/workspace/cst336/practice/pMidterm/api/getRandProduct.php:8
Stack trace:
#0 /home/ubuntu/workspace/cst336/practice/pMidterm/api/getRandProduct.php(8): PDOStatement->execute()
#1 {main}
  thrown in /home/ubuntu/workspace/cst336/practice/pMidterm/api/getRandProduct.php on line 8
[25-Mar-2019 20:07:57 UTC] PHP Warning:  include(api/dbConnection.php): failed to open stream: No such file or directory in /home/ubuntu/workspace/cst336/practice/pMidterm/api/getProducts.php on line 2
[25-Mar-2019 20:07:57 UTC] PHP Stack trace:
[25-Mar-2019 20:07:57 UTC] PHP   1. {main}() /home/ubuntu/workspace/cst336/practice/pMidterm/api/getProducts.php:0
[25-Mar-2019 20:07:57 UTC] PHP Warning:  include(): Failed opening 'api/dbConnection.php' for inclusion (include_path='.:/usr/share/php:/usr/share/pear') in /home/ubuntu/workspace/cst336/practice/pMidterm/api/getProducts.php on line 2
[25-Mar-2019 20:07:57 UTC] PHP Stack trace:
[25-Mar-2019 20:07:57 UTC] PHP   1. {main}() /home/ubuntu/workspace/cst336/practice/pMidterm/api/getProducts.php:0
[25-Mar-2019 20:07:57 UTC] PHP Fatal error:  Call to undefined function getDatabaseConnection() in /home/ubuntu/workspace/cst336/practice/pMidterm/api/getProducts.php on line 3
[25-Mar-2019 20:07:57 UTC] PHP Stack trace:
[25-Mar-2019 20:07:57 UTC] PHP   1. {main}() /home/ubuntu/workspace/cst336/practice/pMidterm/api/getProducts.php:0
[25-Mar-2019 20:10:37 UTC] PHP Warning:  include(api/dbConnection.php): failed to open stream: No such file or directory in /home/ubuntu/workspace/cst336/practice/pMidterm/api/getProducts.php on line 2
[25-Mar-2019 20:10:37 UTC] PHP Stack trace:
[25-Mar-2019 20:10:37 UTC] PHP   1. {main}() /home/ubuntu/workspace/cst336/practice/pMidterm/api/getProducts.php:0
[25-Mar-2019 20:10:37 UTC] PHP Warning:  include(): Failed opening 'api/dbConnection.php' for inclusion (include_path='.:/usr/share/php:/usr/share/pear') in /home/ubuntu/workspace/cst336/practice/pMidterm/api/getProducts.php on line 2
[25-Mar-2019 20:10:37 UTC] PHP Stack trace:
[25-Mar-2019 20:10:37 UTC] PHP   1. {main}() /home/ubuntu/workspace/cst336/practice/pMidterm/api/getProducts.php:0
[25-Mar-2019 20:10:37 UTC] PHP Fatal error:  Call to undefined function getDatabaseConnection() in /home/ubuntu/workspace/cst336/practice/pMidterm/api/getProducts.php on line 3
[25-Mar-2019 20:10:37 UTC] PHP Stack trace:
[25-Mar-2019 20:10:37 UTC] PHP   1. {main}() /home/ubuntu/workspace/cst336/practice/pMidterm/api/getProducts.php:0
[25-Mar-2019 20:11:05 UTC] PHP Warning:  include(api/dbConnection.php): failed to open stream: No such file or directory in /home/ubuntu/workspace/cst336/practice/pMidterm/api/getProducts.php on line 2
[25-Mar-2019 20:11:05 UTC] PHP Stack trace:
[25-Mar-2019 20:11:05 UTC] PHP   1. {main}() /home/ubuntu/workspace/cst336/practice/pMidterm/api/getProducts.php:0
[25-Mar-2019 20:11:05 UTC] PHP Warning:  include(): Failed opening 'api/dbConnection.php' for inclusion (include_path='.:/usr/share/php:/usr/share/pear') in /home/ubuntu/workspace/cst336/practice/pMidterm/api/getProducts.php on line 2
[25-Mar-2019 20:11:05 UTC] PHP Stack trace:
[25-Mar-2019 20:11:05 UTC] PHP   1. {main}() /home/ubuntu/workspace/cst336/practice/pMidterm/api/getProducts.php:0
[25-Mar-2019 20:11:05 UTC] PHP Fatal error:  Call to undefined function getDatabaseConnection() in /home/ubuntu/workspace/cst336/practice/pMidterm/api/getProducts.php on line 3
[25-Mar-2019 20:11:05 UTC] PHP Stack trace:
[25-Mar-2019 20:11:05 UTC] PHP   1. {main}() /home/ubuntu/workspace/cst336/practice/pMidterm/api/getProducts.php:0
[25-Mar-2019 20:13:37 UTC] PHP Warning:  include(api/dbConnection.php): failed to open stream: No such file or directory in /home/ubuntu/workspace/cst336/practice/pMidterm/api/getProducts.php on line 2
[25-Mar-2019 20:13:37 UTC] PHP Stack trace:
[25-Mar-2019 20:13:37 UTC] PHP   1. {main}() /home/ubuntu/workspace/cst336/practice/pMidterm/api/getProducts.php:0
[25-Mar-2019 20:13:37 UTC] PHP Warning:  include(): Failed opening 'api/dbConnection.php' for inclusion (include_path='.:/usr/share/php:/usr/share/pear') in /home/ubuntu/workspace/cst336/practice/pMidterm/api/getProducts.php on line 2
[25-Mar-2019 20:13:37 UTC] PHP Stack trace:
[25-Mar-2019 20:13:37 UTC] PHP   1. {main}() /home/ubuntu/workspace/cst336/practice/pMidterm/api/getProducts.php:0
[25-Mar-2019 20:13:37 UTC] PHP Fatal error:  Call to undefined function getDatabaseConnection() in /home/ubuntu/workspace/cst336/practice/pMidterm/api/getProducts.php on line 3
[25-Mar-2019 20:13:37 UTC] PHP Stack trace:
[25-Mar-2019 20:13:37 UTC] PHP   1. {main}() /home/ubuntu/workspace/cst336/practice/pMidterm/api/getProducts.php:0
[25-Mar-2019 20:15:18 UTC] PHP Warning:  include(api/dbConnection.php): failed to open stream: No such file or directory in /home/ubuntu/workspace/cst336/practice/pMidterm/api/getProducts.php on line 2
[25-Mar-2019 20:15:18 UTC] PHP Stack trace:
[25-Mar-2019 20:15:18 UTC] PHP   1. {main}() /home/ubuntu/workspace/cst336/practice/pMidterm/api/getProducts.php:0
[25-Mar-2019 20:15:18 UTC] PHP Warning:  include(): Failed opening 'api/dbConnection.php' for inclusion (include_path='.:/usr/share/php:/usr/share/pear') in /home/ubuntu/workspace/cst336/practice/pMidterm/api/getProducts.php on line 2
[25-Mar-2019 20:15:18 UTC] PHP Stack trace:
[25-Mar-2019 20:15:18 UTC] PHP   1. {main}() /home/ubuntu/workspace/cst336/practice/pMidterm/api/getProducts.php:0
[25-Mar-2019 20:15:18 UTC] PHP Fatal error:  Call to undefined function getDatabaseConnection() in /home/ubuntu/workspace/cst336/practice/pMidterm/api/getProducts.php on line 3
[25-Mar-2019 20:15:18 UTC] PHP Stack trace:
[25-Mar-2019 20:15:18 UTC] PHP   1. {main}() /home/ubuntu/workspace/cst336/practice/pMidterm/api/getProducts.php:0
[25-Mar-2019 20:15:21 UTC] PHP Warning:  include(api/dbConnection.php): failed to open stream: No such file or directory in /home/ubuntu/workspace/cst336/practice/pMidterm/api/getProducts.php on line 2
[25-Mar-2019 20:15:21 UTC] PHP Stack trace:
[25-Mar-2019 20:15:21 UTC] PHP   1. {main}() /home/ubuntu/workspace/cst336/practice/pMidterm/api/getProducts.php:0
[25-Mar-2019 20:15:21 UTC] PHP Warning:  include(): Failed opening 'api/dbConnection.php' for inclusion (include_path='.:/usr/share/php:/usr/share/pear') in /home/ubuntu/workspace/cst336/practice/pMidterm/api/getProducts.php on line 2
[25-Mar-2019 20:15:21 UTC] PHP Stack trace:
[25-Mar-2019 20:15:21 UTC] PHP   1. {main}() /home/ubuntu/workspace/cst336/practice/pMidterm/api/getProducts.php:0
[25-Mar-2019 20:15:21 UTC] PHP Fatal error:  Call to undefined function getDatabaseConnection() in /home/ubuntu/workspace/cst336/practice/pMidterm/api/getProducts.php on line 3
[25-Mar-2019 20:15:21 UTC] PHP Stack trace:
[25-Mar-2019 20:15:21 UTC] PHP   1. {main}() /home/ubuntu/workspace/cst336/practice/pMidterm/api/getProducts.php:0
[25-Mar-2019 20:16:25 UTC] PHP Warning:  include(api/dbConnection.php): failed to open stream: No such file or directory in /home/ubuntu/workspace/cst336/practice/pMidterm/api/getProducts.php on line 2
[25-Mar-2019 20:16:25 UTC] PHP Stack trace:
[25-Mar-2019 20:16:25 UTC] PHP   1. {main}() /home/ubuntu/workspace/cst336/practice/pMidterm/api/getProducts.php:0
[25-Mar-2019 20:16:25 UTC] PHP Warning:  include(): Failed opening 'api/dbConnection.php' for inclusion (include_path='.:/usr/share/php:/usr/share/pear') in /home/ubuntu/workspace/cst336/practice/pMidterm/api/getProducts.php on line 2
[25-Mar-2019 20:16:25 UTC] PHP Stack trace:
[25-Mar-2019 20:16:25 UTC] PHP   1. {main}() /home/ubuntu/workspace/cst336/practice/pMidterm/api/getProducts.php:0
[25-Mar-2019 20:16:25 UTC] PHP Fatal error:  Call to undefined function getDatabaseConnection() in /home/ubuntu/workspace/cst336/practice/pMidterm/api/getProducts.php on line 3
[25-Mar-2019 20:16:25 UTC] PHP Stack trace:
[25-Mar-2019 20:16:25 UTC] PHP   1. {main}() /home/ubuntu/workspace/cst336/practice/pMidterm/api/getProducts.php:0
[25-Mar-2019 20:17:17 UTC] PHP Warning:  include(api/dbConnection.php): failed to open stream: No such file or directory in /home/ubuntu/workspace/cst336/practice/pMidterm/api/getProducts.php on line 2
[25-Mar-2019 20:17:17 UTC] PHP Stack trace:
[25-Mar-2019 20:17:17 UTC] PHP   1. {main}() /home/ubuntu/workspace/cst336/practice/pMidterm/api/getProducts.php:0
[25-Mar-2019 20:17:17 UTC] PHP Warning:  include(): Failed opening 'api/dbConnection.php' for inclusion (include_path='.:/usr/share/php:/usr/share/pear') in /home/ubuntu/workspace/cst336/practice/pMidterm/api/getProducts.php on line 2
[25-Mar-2019 20:17:17 UTC] PHP Stack trace:
[25-Mar-2019 20:17:17 UTC] PHP   1. {main}() /home/ubuntu/workspace/cst336/practice/pMidterm/api/getProducts.php:0
[25-Mar-2019 20:17:17 UTC] PHP Fatal error:  Call to undefined function getDatabaseConnection() in /home/ubuntu/workspace/cst336/practice/pMidterm/api/getProducts.php on line 3
[25-Mar-2019 20:17:17 UTC] PHP Stack trace:
[25-Mar-2019 20:17:17 UTC] PHP   1. {main}() /home/ubuntu/workspace/cst336/practice/pMidterm/api/getProducts.php:0
[25-Mar-2019 20:17:41 UTC] PHP Warning:  include(api/dbConnection.php): failed to open stream: No such file or directory in /home/ubuntu/workspace/cst336/practice/pMidterm/api/getProducts.php on line 2
[25-Mar-2019 20:17:41 UTC] PHP Stack trace:
[25-Mar-2019 20:17:41 UTC] PHP   1. {main}() /home/ubuntu/workspace/cst336/practice/pMidterm/api/getProducts.php:0
[25-Mar-2019 20:17:41 UTC] PHP Warning:  include(): Failed opening 'api/dbConnection.php' for inclusion (include_path='.:/usr/share/php:/usr/share/pear') in /home/ubuntu/workspace/cst336/practice/pMidterm/api/getProducts.php on line 2
[25-Mar-2019 20:17:41 UTC] PHP Stack trace:
[25-Mar-2019 20:17:41 UTC] PHP   1. {main}() /home/ubuntu/workspace/cst336/practice/pMidterm/api/getProducts.php:0
[25-Mar-2019 20:17:41 UTC] PHP Fatal error:  Call to undefined function getDatabaseConnection() in /home/ubuntu/workspace/cst336/practice/pMidterm/api/getProducts.php on line 3
[25-Mar-2019 20:17:41 UTC] PHP Stack trace:
[25-Mar-2019 20:17:41 UTC] PHP   1. {main}() /home/ubuntu/workspace/cst336/practice/pMidterm/api/getProducts.php:0
[25-Mar-2019 20:17:48 UTC] PHP Warning:  include(api/dbConnection.php): failed to open stream: No such file or directory in /home/ubuntu/workspace/cst336/practice/pMidterm/api/getProducts.php on line 2
[25-Mar-2019 20:17:48 UTC] PHP Stack trace:
[25-Mar-2019 20:17:48 UTC] PHP   1. {main}() /home/ubuntu/workspace/cst336/practice/pMidterm/api/getProducts.php:0
[25-Mar-2019 20:17:48 UTC] PHP Warning:  include(): Failed opening 'api/dbConnection.php' for inclusion (include_path='.:/usr/share/php:/usr/share/pear') in /home/ubuntu/workspace/cst336/practice/pMidterm/api/getProducts.php on line 2
[25-Mar-2019 20:17:48 UTC] PHP Stack trace:
[25-Mar-2019 20:17:48 UTC] PHP   1. {main}() /home/ubuntu/workspace/cst336/practice/pMidterm/api/getProducts.php:0
[25-Mar-2019 20:17:48 UTC] PHP Fatal error:  Call to undefined function getDatabaseConnection() in /home/ubuntu/workspace/cst336/practice/pMidterm/api/getProducts.php on line 3
[25-Mar-2019 20:17:48 UTC] PHP Stack trace:
[25-Mar-2019 20:17:48 UTC] PHP   1. {main}() /home/ubuntu/workspace/cst336/practice/pMidterm/api/getProducts.php:0
[25-Mar-2019 20:17:50 UTC] PHP Warning:  include(api/dbConnection.php): failed to open stream: No such file or directory in /home/ubuntu/workspace/cst336/practice/pMidterm/api/getProducts.php on line 2
[25-Mar-2019 20:17:50 UTC] PHP Stack trace:
[25-Mar-2019 20:17:50 UTC] PHP   1. {main}() /home/ubuntu/workspace/cst336/practice/pMidterm/api/getProducts.php:0
[25-Mar-2019 20:17:50 UTC] PHP Warning:  include(): Failed opening 'api/dbConnection.php' for inclusion (include_path='.:/usr/share/php:/usr/share/pear') in /home/ubuntu/workspace/cst336/practice/pMidterm/api/getProducts.php on line 2
[25-Mar-2019 20:17:50 UTC] PHP Stack trace:
[25-Mar-2019 20:17:50 UTC] PHP   1. {main}() /home/ubuntu/workspace/cst336/practice/pMidterm/api/getProducts.php:0
[25-Mar-2019 20:17:50 UTC] PHP Fatal error:  Call to undefined function getDatabaseConnection() in /home/ubuntu/workspace/cst336/practice/pMidterm/api/getProducts.php on line 3
[25-Mar-2019 20:17:50 UTC] PHP Stack trace:
[25-Mar-2019 20:17:50 UTC] PHP   1. {main}() /home/ubuntu/workspace/cst336/practice/pMidterm/api/getProducts.php:0
[25-Mar-2019 20:17:51 UTC] PHP Warning:  include(api/dbConnection.php): failed to open stream: No such file or directory in /home/ubuntu/workspace/cst336/practice/pMidterm/api/getProducts.php on line 2
[25-Mar-2019 20:17:51 UTC] PHP Stack trace:
[25-Mar-2019 20:17:51 UTC] PHP   1. {main}() /home/ubuntu/workspace/cst336/practice/pMidterm/api/getProducts.php:0
[25-Mar-2019 20:17:51 UTC] PHP Warning:  include(): Failed opening 'api/dbConnection.php' for inclusion (include_path='.:/usr/share/php:/usr/share/pear') in /home/ubuntu/workspace/cst336/practice/pMidterm/api/getProducts.php on line 2
[25-Mar-2019 20:17:51 UTC] PHP Stack trace:
[25-Mar-2019 20:17:51 UTC] PHP   1. {main}() /home/ubuntu/workspace/cst336/practice/pMidterm/api/getProducts.php:0
[25-Mar-2019 20:17:51 UTC] PHP Fatal error:  Call to undefined function getDatabaseConnection() in /home/ubuntu/workspace/cst336/practice/pMidterm/api/getProducts.php on line 3
[25-Mar-2019 20:17:51 UTC] PHP Stack trace:
[25-Mar-2019 20:17:51 UTC] PHP   1. {main}() /home/ubuntu/workspace/cst336/practice/pMidterm/api/getProducts.php:0
[25-Mar-2019 20:17:53 UTC] PHP Warning:  include(api/dbConnection.php): failed to open stream: No such file or directory in /home/ubuntu/workspace/cst336/practice/pMidterm/api/getProducts.php on line 2
[25-Mar-2019 20:17:53 UTC] PHP Stack trace:
[25-Mar-2019 20:17:53 UTC] PHP   1. {main}() /home/ubuntu/workspace/cst336/practice/pMidterm/api/getProducts.php:0
[25-Mar-2019 20:17:53 UTC] PHP Warning:  include(): Failed opening 'api/dbConnection.php' for inclusion (include_path='.:/usr/share/php:/usr/share/pear') in /home/ubuntu/workspace/cst336/practice/pMidterm/api/getProducts.php on line 2
[25-Mar-2019 20:17:53 UTC] PHP Stack trace:
[25-Mar-2019 20:17:53 UTC] PHP   1. {main}() /home/ubuntu/workspace/cst336/practice/pMidterm/api/getProducts.php:0
[25-Mar-2019 20:17:53 UTC] PHP Fatal error:  Call to undefined function getDatabaseConnection() in /home/ubuntu/workspace/cst336/practice/pMidterm/api/getProducts.php on line 3
[25-Mar-2019 20:17:53 UTC] PHP Stack trace:
[25-Mar-2019 20:17:53 UTC] PHP   1. {main}() /home/ubuntu/workspace/cst336/practice/pMidterm/api/getProducts.php:0
[25-Mar-2019 20:17:55 UTC] PHP Warning:  include(api/dbConnection.php): failed to open stream: No such file or directory in /home/ubuntu/workspace/cst336/practice/pMidterm/api/getProducts.php on line 2
[25-Mar-2019 20:17:55 UTC] PHP Stack trace:
[25-Mar-2019 20:17:55 UTC] PHP   1. {main}() /home/ubuntu/workspace/cst336/practice/pMidterm/api/getProducts.php:0
[25-Mar-2019 20:17:55 UTC] PHP Warning:  include(): Failed opening 'api/dbConnection.php' for inclusion (include_path='.:/usr/share/php:/usr/share/pear') in /home/ubuntu/workspace/cst336/practice/pMidterm/api/getProducts.php on line 2
[25-Mar-2019 20:17:55 UTC] PHP Stack trace:
[25-Mar-2019 20:17:55 UTC] PHP   1. {main}() /home/ubuntu/workspace/cst336/practice/pMidterm/api/getProducts.php:0
[25-Mar-2019 20:17:55 UTC] PHP Fatal error:  Call to undefined function getDatabaseConnection() in /home/ubuntu/workspace/cst336/practice/pMidterm/api/getProducts.php on line 3
[25-Mar-2019 20:17:55 UTC] PHP Stack trace:
[25-Mar-2019 20:17:55 UTC] PHP   1. {main}() /home/ubuntu/workspace/cst336/practice/pMidterm/api/getProducts.php:0
[25-Mar-2019 20:18:30 UTC] PHP Warning:  include(api/dbConnection.php): failed to open stream: No such file or directory in /home/ubuntu/workspace/cst336/practice/pMidterm/api/getProducts.php on line 2
[25-Mar-2019 20:18:30 UTC] PHP Stack trace:
[25-Mar-2019 20:18:30 UTC] PHP   1. {main}() /home/ubuntu/workspace/cst336/practice/pMidterm/api/getProducts.php:0
[25-Mar-2019 20:18:30 UTC] PHP Warning:  include(): Failed opening 'api/dbConnection.php' for inclusion (include_path='.:/usr/share/php:/usr/share/pear') in /home/ubuntu/workspace/cst336/practice/pMidterm/api/getProducts.php on line 2
[25-Mar-2019 20:18:30 UTC] PHP Stack trace:
[25-Mar-2019 20:18:30 UTC] PHP   1. {main}() /home/ubuntu/workspace/cst336/practice/pMidterm/api/getProducts.php:0
[25-Mar-2019 20:18:30 UTC] PHP Fatal error:  Call to undefined function getDatabaseConnection() in /home/ubuntu/workspace/cst336/practice/pMidterm/api/getProducts.php on line 3
[25-Mar-2019 20:18:30 UTC] PHP Stack trace:
[25-Mar-2019 20:18:30 UTC] PHP   1. {main}() /home/ubuntu/workspace/cst336/practice/pMidterm/api/getProducts.php:0
[25-Mar-2019 20:18:42 UTC] PHP Warning:  include(api/dbConnection.php): failed to open stream: No such file or directory in /home/ubuntu/workspace/cst336/practice/pMidterm/api/getProducts.php on line 2
[25-Mar-2019 20:18:42 UTC] PHP Stack trace:
[25-Mar-2019 20:18:42 UTC] PHP   1. {main}() /home/ubuntu/workspace/cst336/practice/pMidterm/api/getProducts.php:0
[25-Mar-2019 20:18:42 UTC] PHP Warning:  include(): Failed opening 'api/dbConnection.php' for inclusion (include_path='.:/usr/share/php:/usr/share/pear') in /home/ubuntu/workspace/cst336/practice/pMidterm/api/getProducts.php on line 2
[25-Mar-2019 20:18:42 UTC] PHP Stack trace:
[25-Mar-2019 20:18:42 UTC] PHP   1. {main}() /home/ubuntu/workspace/cst336/practice/pMidterm/api/getProducts.php:0
[25-Mar-2019 20:18:42 UTC] PHP Fatal error:  Call to undefined function getDatabaseConnection() in /home/ubuntu/workspace/cst336/practice/pMidterm/api/getProducts.php on line 3
[25-Mar-2019 20:18:42 UTC] PHP Stack trace:
[25-Mar-2019 20:18:42 UTC] PHP   1. {main}() /home/ubuntu/workspace/cst336/practice/pMidterm/api/getProducts.php:0
[25-Mar-2019 20:22:28 UTC] PHP Warning:  include(api/dbConnection.php): failed to open stream: No such file or directory in /home/ubuntu/workspace/cst336/practice/pMidterm/api/getProducts.php on line 2
[25-Mar-2019 20:22:28 UTC] PHP Stack trace:
[25-Mar-2019 20:22:28 UTC] PHP   1. {main}() /home/ubuntu/workspace/cst336/practice/pMidterm/api/getProducts.php:0
[25-Mar-2019 20:22:28 UTC] PHP Warning:  include(): Failed opening 'api/dbConnection.php' for inclusion (include_path='.:/usr/share/php:/usr/share/pear') in /home/ubuntu/workspace/cst336/practice/pMidterm/api/getProducts.php on line 2
[25-Mar-2019 20:22:28 UTC] PHP Stack trace:
[25-Mar-2019 20:22:28 UTC] PHP   1. {main}() /home/ubuntu/workspace/cst336/practice/pMidterm/api/getProducts.php:0
[25-Mar-2019 20:22:28 UTC] PHP Fatal error:  Call to undefined function getDatabaseConnection() in /home/ubuntu/workspace/cst336/practice/pMidterm/api/getProducts.php on line 3
[25-Mar-2019 20:22:28 UTC] PHP Stack trace:
[25-Mar-2019 20:22:28 UTC] PHP   1. {main}() /home/ubuntu/workspace/cst336/practice/pMidterm/api/getProducts.php:0
