[18-Apr-2019 23:54:34 UTC] PHP Fatal error:  Uncaught exception 'PDOException' with message 'SQLSTATE[42S22]: Column not found: 1054 Unknown column 'url' in 'field list'' in /home/ubuntu/workspace/cst336/labs/lab8/api/favoriteAPI.php:20
Stack trace:
#0 /home/ubuntu/workspace/cst336/labs/lab8/api/favoriteAPI.php(20): PDOStatement->execute(Array)
#1 {main}
  thrown in /home/ubuntu/workspace/cst336/labs/lab8/api/favoriteAPI.php on line 20
[18-Apr-2019 23:54:37 UTC] PHP Fatal error:  Uncaught exception 'PDOException' with message 'SQLSTATE[42S22]: Column not found: 1054 Unknown column 'url' in 'field list'' in /home/ubuntu/workspace/cst336/labs/lab8/api/favoriteAPI.php:20
Stack trace:
#0 /home/ubuntu/workspace/cst336/labs/lab8/api/favoriteAPI.php(20): PDOStatement->execute(Array)
#1 {main}
  thrown in /home/ubuntu/workspace/cst336/labs/lab8/api/favoriteAPI.php on line 20
[18-Apr-2019 23:55:17 UTC] PHP Fatal error:  Uncaught exception 'PDOException' with message 'SQLSTATE[23000]: Integrity constraint violation: 1048 Column 'keyword' cannot be null' in /home/ubuntu/workspace/cst336/labs/lab8/api/favoriteAPI.php:20
Stack trace:
#0 /home/ubuntu/workspace/cst336/labs/lab8/api/favoriteAPI.php(20): PDOStatement->execute(Array)
#1 {main}
  thrown in /home/ubuntu/workspace/cst336/labs/lab8/api/favoriteAPI.php on line 20
[18-Apr-2019 23:55:17 UTC] PHP Fatal error:  Uncaught exception 'PDOException' with message 'SQLSTATE[23000]: Integrity constraint violation: 1048 Column 'keyword' cannot be null' in /home/ubuntu/workspace/cst336/labs/lab8/api/favoriteAPI.php:20
Stack trace:
#0 /home/ubuntu/workspace/cst336/labs/lab8/api/favoriteAPI.php(20): PDOStatement->execute(Array)
#1 {main}
  thrown in /home/ubuntu/workspace/cst336/labs/lab8/api/favoriteAPI.php on line 20
[18-Apr-2019 23:57:29 UTC] PHP Fatal error:  Uncaught exception 'PDOException' with message 'SQLSTATE[23000]: Integrity constraint violation: 1048 Column 'keyword' cannot be null' in /home/ubuntu/workspace/cst336/labs/lab8/api/favoriteAPI.php:20
Stack trace:
#0 /home/ubuntu/workspace/cst336/labs/lab8/api/favoriteAPI.php(20): PDOStatement->execute(Array)
#1 {main}
  thrown in /home/ubuntu/workspace/cst336/labs/lab8/api/favoriteAPI.php on line 20
[18-Apr-2019 23:57:31 UTC] PHP Fatal error:  Uncaught exception 'PDOException' with message 'SQLSTATE[23000]: Integrity constraint violation: 1048 Column 'keyword' cannot be null' in /home/ubuntu/workspace/cst336/labs/lab8/api/favoriteAPI.php:20
Stack trace:
#0 /home/ubuntu/workspace/cst336/labs/lab8/api/favoriteAPI.php(20): PDOStatement->execute(Array)
#1 {main}
  thrown in /home/ubuntu/workspace/cst336/labs/lab8/api/favoriteAPI.php on line 20
[18-Apr-2019 23:57:32 UTC] PHP Fatal error:  Uncaught exception 'PDOException' with message 'SQLSTATE[23000]: Integrity constraint violation: 1048 Column 'keyword' cannot be null' in /home/ubuntu/workspace/cst336/labs/lab8/api/favoriteAPI.php:20
Stack trace:
#0 /home/ubuntu/workspace/cst336/labs/lab8/api/favoriteAPI.php(20): PDOStatement->execute(Array)
#1 {main}
  thrown in /home/ubuntu/workspace/cst336/labs/lab8/api/favoriteAPI.php on line 20
[18-Apr-2019 23:58:24 UTC] PHP Fatal error:  Uncaught exception 'PDOException' with message 'SQLSTATE[23000]: Integrity constraint violation: 1048 Column 'keyword' cannot be null' in /home/ubuntu/workspace/cst336/labs/lab8/api/favoriteAPI.php:20
Stack trace:
#0 /home/ubuntu/workspace/cst336/labs/lab8/api/favoriteAPI.php(20): PDOStatement->execute(Array)
#1 {main}
  thrown in /home/ubuntu/workspace/cst336/labs/lab8/api/favoriteAPI.php on line 20
[18-Apr-2019 23:58:35 UTC] PHP Fatal error:  Uncaught exception 'PDOException' with message 'SQLSTATE[23000]: Integrity constraint violation: 1048 Column 'keyword' cannot be null' in /home/ubuntu/workspace/cst336/labs/lab8/api/favoriteAPI.php:20
Stack trace:
#0 /home/ubuntu/workspace/cst336/labs/lab8/api/favoriteAPI.php(20): PDOStatement->execute(Array)
#1 {main}
  thrown in /home/ubuntu/workspace/cst336/labs/lab8/api/favoriteAPI.php on line 20
[19-Apr-2019 00:06:08 UTC] PHP Fatal error:  Uncaught exception 'PDOException' with message 'SQLSTATE[42000]: Syntax error or access violation: 1065 Query was empty' in /home/ubuntu/workspace/cst336/labs/lab8/api/favoriteAPI.php:20
Stack trace:
#0 /home/ubuntu/workspace/cst336/labs/lab8/api/favoriteAPI.php(20): PDOStatement->execute(Array)
#1 {main}
  thrown in /home/ubuntu/workspace/cst336/labs/lab8/api/favoriteAPI.php on line 20
[19-Apr-2019 00:09:30 UTC] PHP Fatal error:  Uncaught exception 'PDOException' with message 'SQLSTATE[42000]: Syntax error or access violation: 1065 Query was empty' in /home/ubuntu/workspace/cst336/labs/lab8/api/favoriteAPI.php:20
Stack trace:
#0 /home/ubuntu/workspace/cst336/labs/lab8/api/favoriteAPI.php(20): PDOStatement->execute(Array)
#1 {main}
  thrown in /home/ubuntu/workspace/cst336/labs/lab8/api/favoriteAPI.php on line 20
[19-Apr-2019 00:10:31 UTC] PHP Fatal error:  Uncaught exception 'PDOException' with message 'SQLSTATE[42000]: Syntax error or access violation: 1065 Query was empty' in /home/ubuntu/workspace/cst336/labs/lab8/api/favoriteAPI.php:20
Stack trace:
#0 /home/ubuntu/workspace/cst336/labs/lab8/api/favoriteAPI.php(20): PDOStatement->execute(Array)
#1 {main}
  thrown in /home/ubuntu/workspace/cst336/labs/lab8/api/favoriteAPI.php on line 20
[19-Apr-2019 00:10:52 UTC] PHP Fatal error:  Uncaught exception 'PDOException' with message 'SQLSTATE[HY000]: General error' in /home/ubuntu/workspace/cst336/labs/lab8/api/favoriteAPI.php:21
Stack trace:
#0 /home/ubuntu/workspace/cst336/labs/lab8/api/favoriteAPI.php(21): PDOStatement->fetch(2)
#1 {main}
  thrown in /home/ubuntu/workspace/cst336/labs/lab8/api/favoriteAPI.php on line 21
[19-Apr-2019 00:22:03 UTC] PHP Fatal error:  Uncaught exception 'PDOException' with message 'SQLSTATE[42000]: Syntax error or access violation: 1064 You have an error in your SQL syntax; check the manual that corresponds to your MySQL server version for the right syntax to use near '://pixabay.com/get/e837b90a2bf0003ed1584d05fb1d4393eb7ee6d611ac104490f5c77aa4eeb' at line 1' in /home/ubuntu/workspace/cst336/labs/lab8/api/favoriteAPI.php:24
Stack trace:
#0 /home/ubuntu/workspace/cst336/labs/lab8/api/favoriteAPI.php(24): PDOStatement->execute(Array)
#1 {main}
  thrown in /home/ubuntu/workspace/cst336/labs/lab8/api/favoriteAPI.php on line 24
[19-Apr-2019 00:24:09 UTC] PHP Fatal error:  Uncaught exception 'PDOException' with message 'SQLSTATE[42000]: Syntax error or access violation: 1064 You have an error in your SQL syntax; check the manual that corresponds to your MySQL server version for the right syntax to use near '://pixabay.com/get/ef3cb5082bf41c22d2524518b749439eea73e1dd04b0144490f6c27aa3efb' at line 1' in /home/ubuntu/workspace/cst336/labs/lab8/api/favoriteAPI.php:24
Stack trace:
#0 /home/ubuntu/workspace/cst336/labs/lab8/api/favoriteAPI.php(24): PDOStatement->execute(Array)
#1 {main}
  thrown in /home/ubuntu/workspace/cst336/labs/lab8/api/favoriteAPI.php on line 24
[19-Apr-2019 00:25:51 UTC] PHP Fatal error:  Uncaught exception 'PDOException' with message 'SQLSTATE[42000]: Syntax error or access violation: 1064 You have an error in your SQL syntax; check the manual that corresponds to your MySQL server version for the right syntax to use near '://pixabay.com/get/ea30b20a2cf4053ed1584d05fb1d4393eb7ee6d611ac104490f5c77aa4e8b' at line 1' in /home/ubuntu/workspace/cst336/labs/lab8/api/favoriteAPI.php:24
Stack trace:
#0 /home/ubuntu/workspace/cst336/labs/lab8/api/favoriteAPI.php(24): PDOStatement->execute(Array)
#1 {main}
  thrown in /home/ubuntu/workspace/cst336/labs/lab8/api/favoriteAPI.php on line 24
[19-Apr-2019 00:28:01 UTC] PHP Fatal error:  Uncaught exception 'PDOException' with message 'SQLSTATE[42000]: Syntax error or access violation: 1064 You have an error in your SQL syntax; check the manual that corresponds to your MySQL server version for the right syntax to use near '://pixabay.com/get/ea36b60b2cf6033ed1584d05fb1d4393eb7ee6d611ac104490f5c77aa4ebb' at line 1' in /home/ubuntu/workspace/cst336/labs/lab8/api/favoriteAPI.php:23
Stack trace:
#0 /home/ubuntu/workspace/cst336/labs/lab8/api/favoriteAPI.php(23): PDOStatement->execute(Array)
#1 {main}
  thrown in /home/ubuntu/workspace/cst336/labs/lab8/api/favoriteAPI.php on line 23
[19-Apr-2019 00:29:30 UTC] PHP Parse error:  syntax error, unexpected ')' in /home/ubuntu/workspace/cst336/labs/lab8/api/favoriteAPI.php on line 19
[19-Apr-2019 00:30:01 UTC] PHP Fatal error:  Uncaught exception 'PDOException' with message 'SQLSTATE[42000]: Syntax error or access violation: 1064 You have an error in your SQL syntax; check the manual that corresponds to your MySQL server version for the right syntax to use near '://pixabay.com/get/ea30b20a2cf4053ed1584d05fb1d4393eb7ee6d611ac104490f5c77aa4eab' at line 1' in /home/ubuntu/workspace/cst336/labs/lab8/api/favoriteAPI.php:23
Stack trace:
#0 /home/ubuntu/workspace/cst336/labs/lab8/api/favoriteAPI.php(23): PDOStatement->execute(Array)
#1 {main}
  thrown in /home/ubuntu/workspace/cst336/labs/lab8/api/favoriteAPI.php on line 23
[19-Apr-2019 00:32:07 UTC] PHP Fatal error:  Uncaught exception 'PDOException' with message 'SQLSTATE[42000]: Syntax error or access violation: 1064 You have an error in your SQL syntax; check the manual that corresponds to your MySQL server version for the right syntax to use near '://pixabay.com/get/ea30b20a2cf4053ed1584d05fb1d4393eb7ee6d611ac104490f5c77aa4e4b' at line 1' in /home/ubuntu/workspace/cst336/labs/lab8/api/favoriteAPI.php:23
Stack trace:
#0 /home/ubuntu/workspace/cst336/labs/lab8/api/favoriteAPI.php(23): PDOStatement->execute()
#1 {main}
  thrown in /home/ubuntu/workspace/cst336/labs/lab8/api/favoriteAPI.php on line 23
[19-Apr-2019 00:32:08 UTC] PHP Fatal error:  Uncaught exception 'PDOException' with message 'SQLSTATE[42000]: Syntax error or access violation: 1064 You have an error in your SQL syntax; check the manual that corresponds to your MySQL server version for the right syntax to use near '://pixabay.com/get/ea37b70b28f0093ed1584d05fb1d4393eb7ee6d611ac104490f5c77aa4e4b' at line 1' in /home/ubuntu/workspace/cst336/labs/lab8/api/favoriteAPI.php:23
Stack trace:
#0 /home/ubuntu/workspace/cst336/labs/lab8/api/favoriteAPI.php(23): PDOStatement->execute()
#1 {main}
  thrown in /home/ubuntu/workspace/cst336/labs/lab8/api/favoriteAPI.php on line 23
[19-Apr-2019 00:33:39 UTC] PHP Fatal error:  Uncaught exception 'PDOException' with message 'SQLSTATE[42000]: Syntax error or access violation: 1064 You have an error in your SQL syntax; check the manual that corresponds to your MySQL server version for the right syntax to use near '://pixabay.com/get/ea35b00d2df5043ed1584d05fb1d4393eb7ee6d611ac104490f5c77aa3edb' at line 1' in /home/ubuntu/workspace/cst336/labs/lab8/api/favoriteAPI.php:23
Stack trace:
#0 /home/ubuntu/workspace/cst336/labs/lab8/api/favoriteAPI.php(23): PDOStatement->execute()
#1 {main}
  thrown in /home/ubuntu/workspace/cst336/labs/lab8/api/favoriteAPI.php on line 23
[19-Apr-2019 00:35:22 UTC] PHP Fatal error:  Uncaught exception 'PDOException' with message 'SQLSTATE[42000]: Syntax error or access violation: 1064 You have an error in your SQL syntax; check the manual that corresponds to your MySQL server version for the right syntax to use near '://pixabay.com/get/e833b40d20f6033ed1584d05fb1d4393eb7ee6d611ac104490f5c77aa3edb' at line 1' in /home/ubuntu/workspace/cst336/labs/lab8/api/favoriteAPI.php:23
Stack trace:
#0 /home/ubuntu/workspace/cst336/labs/lab8/api/favoriteAPI.php(23): PDOStatement->execute()
#1 {main}
  thrown in /home/ubuntu/workspace/cst336/labs/lab8/api/favoriteAPI.php on line 23
[19-Apr-2019 00:40:50 UTC] PHP Fatal error:  Uncaught exception 'PDOException' with message 'SQLSTATE[HY093]: Invalid parameter number: no parameters were bound' in /home/ubuntu/workspace/cst336/labs/lab8/api/favoriteAPI.php:23
Stack trace:
#0 /home/ubuntu/workspace/cst336/labs/lab8/api/favoriteAPI.php(23): PDOStatement->execute()
#1 {main}
  thrown in /home/ubuntu/workspace/cst336/labs/lab8/api/favoriteAPI.php on line 23
[19-Apr-2019 00:40:51 UTC] PHP Fatal error:  Uncaught exception 'PDOException' with message 'SQLSTATE[HY093]: Invalid parameter number: no parameters were bound' in /home/ubuntu/workspace/cst336/labs/lab8/api/favoriteAPI.php:23
Stack trace:
#0 /home/ubuntu/workspace/cst336/labs/lab8/api/favoriteAPI.php(23): PDOStatement->execute()
#1 {main}
  thrown in /home/ubuntu/workspace/cst336/labs/lab8/api/favoriteAPI.php on line 23
[19-Apr-2019 00:44:54 UTC] PHP Fatal error:  Uncaught exception 'PDOException' with message 'SQLSTATE[HY093]: Invalid parameter number: no parameters were bound' in /home/ubuntu/workspace/cst336/labs/lab8/api/favoriteAPI.php:23
Stack trace:
#0 /home/ubuntu/workspace/cst336/labs/lab8/api/favoriteAPI.php(23): PDOStatement->execute()
#1 {main}
  thrown in /home/ubuntu/workspace/cst336/labs/lab8/api/favoriteAPI.php on line 23
[19-Apr-2019 00:46:30 UTC] PHP Fatal error:  Uncaught exception 'PDOException' with message 'SQLSTATE[HY093]: Invalid parameter number: number of bound variables does not match number of tokens' in /home/ubuntu/workspace/cst336/labs/lab8/api/favoriteAPI.php:24
Stack trace:
#0 /home/ubuntu/workspace/cst336/labs/lab8/api/favoriteAPI.php(24): PDOStatement->execute(Array)
#1 {main}
  thrown in /home/ubuntu/workspace/cst336/labs/lab8/api/favoriteAPI.php on line 24
[19-Apr-2019 00:47:10 UTC] PHP Fatal error:  Uncaught exception 'PDOException' with message 'SQLSTATE[HY093]: Invalid parameter number: number of bound variables does not match number of tokens' in /home/ubuntu/workspace/cst336/labs/lab8/api/favoriteAPI.php:24
Stack trace:
#0 /home/ubuntu/workspace/cst336/labs/lab8/api/favoriteAPI.php(24): PDOStatement->execute(Array)
#1 {main}
  thrown in /home/ubuntu/workspace/cst336/labs/lab8/api/favoriteAPI.php on line 24
[19-Apr-2019 00:49:07 UTC] PHP Fatal error:  Uncaught exception 'PDOException' with message 'SQLSTATE[HY093]: Invalid parameter number: no parameters were bound' in /home/ubuntu/workspace/cst336/labs/lab8/api/favoriteAPI.php:24
Stack trace:
#0 /home/ubuntu/workspace/cst336/labs/lab8/api/favoriteAPI.php(24): PDOStatement->execute(Array)
#1 {main}
  thrown in /home/ubuntu/workspace/cst336/labs/lab8/api/favoriteAPI.php on line 24
[28-Apr-2019 05:03:25 UTC] PHP Fatal error:  Uncaught exception 'PDOException' with message 'SQLSTATE[HY093]: Invalid parameter number: no parameters were bound' in /home/ubuntu/workspace/cst336/labs/lab8/api/favoritesAPI.php:36
Stack trace:
#0 /home/ubuntu/workspace/cst336/labs/lab8/api/favoritesAPI.php(36): PDOStatement->execute()
#1 {main}
  thrown in /home/ubuntu/workspace/cst336/labs/lab8/api/favoritesAPI.php on line 36
[28-Apr-2019 05:03:31 UTC] PHP Fatal error:  Uncaught exception 'PDOException' with message 'SQLSTATE[HY093]: Invalid parameter number: no parameters were bound' in /home/ubuntu/workspace/cst336/labs/lab8/api/favoritesAPI.php:36
Stack trace:
#0 /home/ubuntu/workspace/cst336/labs/lab8/api/favoritesAPI.php(36): PDOStatement->execute()
#1 {main}
  thrown in /home/ubuntu/workspace/cst336/labs/lab8/api/favoritesAPI.php on line 36
