[14-Apr-2019 07:17:10 UTC] PHP Fatal error:  Uncaught exception 'PDOException' with message 'SQLSTATE[42S22]: Column not found: 1054 Unknown column 'productPrice' in 'field list'' in /home/ubuntu/workspace/cst336/labs/lab7/api/addProductAPI.php:18
Stack trace:
#0 /home/ubuntu/workspace/cst336/labs/lab7/api/addProductAPI.php(18): PDOStatement->execute(Array)
#1 {main}
  thrown in /home/ubuntu/workspace/cst336/labs/lab7/api/addProductAPI.php on line 18
[14-Apr-2019 07:17:12 UTC] PHP Fatal error:  Uncaught exception 'PDOException' with message 'SQLSTATE[42S22]: Column not found: 1054 Unknown column 'productPrice' in 'field list'' in /home/ubuntu/workspace/cst336/labs/lab7/api/addProductAPI.php:18
Stack trace:
#0 /home/ubuntu/workspace/cst336/labs/lab7/api/addProductAPI.php(18): PDOStatement->execute(Array)
#1 {main}
  thrown in /home/ubuntu/workspace/cst336/labs/lab7/api/addProductAPI.php on line 18
[18-Apr-2019 23:53:24 UTC] PHP Fatal error:  Uncaught exception 'PDOException' with message 'SQLSTATE[42S02]: Base table or view not found: 1146 Table 'c9.om_product' doesn't exist' in /home/ubuntu/workspace/cst336/labs/lab7/api/addProductAPI.php:18
Stack trace:
#0 /home/ubuntu/workspace/cst336/labs/lab7/api/addProductAPI.php(18): PDOStatement->execute(Array)
#1 {main}
  thrown in /home/ubuntu/workspace/cst336/labs/lab7/api/addProductAPI.php on line 18
[18-Apr-2019 23:53:26 UTC] PHP Fatal error:  Uncaught exception 'PDOException' with message 'SQLSTATE[42S02]: Base table or view not found: 1146 Table 'c9.om_product' doesn't exist' in /home/ubuntu/workspace/cst336/labs/lab7/api/addProductAPI.php:18
Stack trace:
#0 /home/ubuntu/workspace/cst336/labs/lab7/api/addProductAPI.php(18): PDOStatement->execute(Array)
#1 {main}
  thrown in /home/ubuntu/workspace/cst336/labs/lab7/api/addProductAPI.php on line 18
[18-Apr-2019 23:53:26 UTC] PHP Fatal error:  Uncaught exception 'PDOException' with message 'SQLSTATE[42S02]: Base table or view not found: 1146 Table 'c9.om_product' doesn't exist' in /home/ubuntu/workspace/cst336/labs/lab7/api/addProductAPI.php:18
Stack trace:
#0 /home/ubuntu/workspace/cst336/labs/lab7/api/addProductAPI.php(18): PDOStatement->execute(Array)
#1 {main}
  thrown in /home/ubuntu/workspace/cst336/labs/lab7/api/addProductAPI.php on line 18
[18-Apr-2019 23:53:27 UTC] PHP Fatal error:  Uncaught exception 'PDOException' with message 'SQLSTATE[42S02]: Base table or view not found: 1146 Table 'c9.om_product' doesn't exist' in /home/ubuntu/workspace/cst336/labs/lab7/api/addProductAPI.php:18
Stack trace:
#0 /home/ubuntu/workspace/cst336/labs/lab7/api/addProductAPI.php(18): PDOStatement->execute(Array)
#1 {main}
  thrown in /home/ubuntu/workspace/cst336/labs/lab7/api/addProductAPI.php on line 18
[18-Apr-2019 23:53:27 UTC] PHP Fatal error:  Uncaught exception 'PDOException' with message 'SQLSTATE[42S02]: Base table or view not found: 1146 Table 'c9.om_product' doesn't exist' in /home/ubuntu/workspace/cst336/labs/lab7/api/addProductAPI.php:18
Stack trace:
#0 /home/ubuntu/workspace/cst336/labs/lab7/api/addProductAPI.php(18): PDOStatement->execute(Array)
#1 {main}
  thrown in /home/ubuntu/workspace/cst336/labs/lab7/api/addProductAPI.php on line 18
[18-Apr-2019 23:53:27 UTC] PHP Fatal error:  Uncaught exception 'PDOException' with message 'SQLSTATE[42S02]: Base table or view not found: 1146 Table 'c9.om_product' doesn't exist' in /home/ubuntu/workspace/cst336/labs/lab7/api/addProductAPI.php:18
Stack trace:
#0 /home/ubuntu/workspace/cst336/labs/lab7/api/addProductAPI.php(18): PDOStatement->execute(Array)
#1 {main}
  thrown in /home/ubuntu/workspace/cst336/labs/lab7/api/addProductAPI.php on line 18
[18-Apr-2019 23:53:27 UTC] PHP Fatal error:  Uncaught exception 'PDOException' with message 'SQLSTATE[42S02]: Base table or view not found: 1146 Table 'c9.om_product' doesn't exist' in /home/ubuntu/workspace/cst336/labs/lab7/api/addProductAPI.php:18
Stack trace:
#0 /home/ubuntu/workspace/cst336/labs/lab7/api/addProductAPI.php(18): PDOStatement->execute(Array)
#1 {main}
  thrown in /home/ubuntu/workspace/cst336/labs/lab7/api/addProductAPI.php on line 18
[18-Apr-2019 23:53:27 UTC] PHP Fatal error:  Uncaught exception 'PDOException' with message 'SQLSTATE[42S02]: Base table or view not found: 1146 Table 'c9.om_product' doesn't exist' in /home/ubuntu/workspace/cst336/labs/lab7/api/addProductAPI.php:18
Stack trace:
#0 /home/ubuntu/workspace/cst336/labs/lab7/api/addProductAPI.php(18): PDOStatement->execute(Array)
#1 {main}
  thrown in /home/ubuntu/workspace/cst336/labs/lab7/api/addProductAPI.php on line 18
[18-Apr-2019 23:53:28 UTC] PHP Fatal error:  Uncaught exception 'PDOException' with message 'SQLSTATE[42S02]: Base table or view not found: 1146 Table 'c9.om_product' doesn't exist' in /home/ubuntu/workspace/cst336/labs/lab7/api/addProductAPI.php:18
Stack trace:
#0 /home/ubuntu/workspace/cst336/labs/lab7/api/addProductAPI.php(18): PDOStatement->execute(Array)
#1 {main}
  thrown in /home/ubuntu/workspace/cst336/labs/lab7/api/addProductAPI.php on line 18
[18-Apr-2019 23:53:28 UTC] PHP Fatal error:  Uncaught exception 'PDOException' with message 'SQLSTATE[42S02]: Base table or view not found: 1146 Table 'c9.om_product' doesn't exist' in /home/ubuntu/workspace/cst336/labs/lab7/api/addProductAPI.php:18
Stack trace:
#0 /home/ubuntu/workspace/cst336/labs/lab7/api/addProductAPI.php(18): PDOStatement->execute(Array)
#1 {main}
  thrown in /home/ubuntu/workspace/cst336/labs/lab7/api/addProductAPI.php on line 18
[18-Apr-2019 23:53:28 UTC] PHP Fatal error:  Uncaught exception 'PDOException' with message 'SQLSTATE[42S02]: Base table or view not found: 1146 Table 'c9.om_product' doesn't exist' in /home/ubuntu/workspace/cst336/labs/lab7/api/addProductAPI.php:18
Stack trace:
#0 /home/ubuntu/workspace/cst336/labs/lab7/api/addProductAPI.php(18): PDOStatement->execute(Array)
#1 {main}
  thrown in /home/ubuntu/workspace/cst336/labs/lab7/api/addProductAPI.php on line 18
[18-Apr-2019 23:53:28 UTC] PHP Fatal error:  Uncaught exception 'PDOException' with message 'SQLSTATE[42S02]: Base table or view not found: 1146 Table 'c9.om_product' doesn't exist' in /home/ubuntu/workspace/cst336/labs/lab7/api/addProductAPI.php:18
Stack trace:
#0 /home/ubuntu/workspace/cst336/labs/lab7/api/addProductAPI.php(18): PDOStatement->execute(Array)
#1 {main}
  thrown in /home/ubuntu/workspace/cst336/labs/lab7/api/addProductAPI.php on line 18
